0 info it worked if it ends with ok
1 verbose cli [ 'C:\\Program Files\\node\\node.exe',
1 verbose cli   'C:\\Program Files\\node\\node_modules\\npm\\bin\\npm-cli.js',
1 verbose cli   'install',
1 verbose cli   'hashtable',
1 verbose cli   '--save' ]
2 info using npm@3.3.12
3 info using node@v5.1.0
4 silly loadCurrentTree Starting
5 silly install loadCurrentTree
6 silly install readLocalPackageData
7 silly fetchPackageMetaData hashtable
8 silly fetchNamedPackageData hashtable
9 silly mapToRegistry name hashtable
10 silly mapToRegistry using default registry
11 silly mapToRegistry registry https://registry.npmjs.org/
12 silly mapToRegistry uri https://registry.npmjs.org/hashtable
13 verbose request uri https://registry.npmjs.org/hashtable
14 verbose request no auth needed
15 info attempt registry request try #1 at 13:16:25
16 verbose request id 49ad118e5ef91c73
17 http request GET https://registry.npmjs.org/hashtable
18 http 200 https://registry.npmjs.org/hashtable
19 verbose headers { server: 'CouchDB/1.5.0 (Erlang OTP/R16B03)',
19 verbose headers   etag: '"DL6A81O2R2SBHZWY853IRQOUM"',
19 verbose headers   'content-type': 'application/json',
19 verbose headers   'cache-control': 'max-age=60',
19 verbose headers   'content-length': '28138',
19 verbose headers   'accept-ranges': 'bytes',
19 verbose headers   date: 'Thu, 10 Dec 2015 05:16:24 GMT',
19 verbose headers   via: '1.1 varnish',
19 verbose headers   age: '0',
19 verbose headers   connection: 'keep-alive',
19 verbose headers   'x-served-by': 'cache-hkg6821-HKG',
19 verbose headers   'x-cache': 'MISS',
19 verbose headers   'x-cache-hits': '0',
19 verbose headers   'x-timer': 'S1449724583.622389,VS0,VE851',
19 verbose headers   vary: 'Accept' }
20 silly get cb [ 200,
20 silly get   { server: 'CouchDB/1.5.0 (Erlang OTP/R16B03)',
20 silly get     etag: '"DL6A81O2R2SBHZWY853IRQOUM"',
20 silly get     'content-type': 'application/json',
20 silly get     'cache-control': 'max-age=60',
20 silly get     'content-length': '28138',
20 silly get     'accept-ranges': 'bytes',
20 silly get     date: 'Thu, 10 Dec 2015 05:16:24 GMT',
20 silly get     via: '1.1 varnish',
20 silly get     age: '0',
20 silly get     connection: 'keep-alive',
20 silly get     'x-served-by': 'cache-hkg6821-HKG',
20 silly get     'x-cache': 'MISS',
20 silly get     'x-cache-hits': '0',
20 silly get     'x-timer': 'S1449724583.622389,VS0,VE851',
20 silly get     vary: 'Accept' } ]
21 verbose get saving hashtable to C:\Users\ies\AppData\Roaming\npm-cache\registry.npmjs.org\hashtable\.cache.json
22 silly install normalizeTree
23 silly loadCurrentTree Finishing
24 silly loadIdealTree Starting
25 silly install loadIdealTree
26 silly cloneCurrentTree Starting
27 silly install cloneCurrentTreeToIdealTree
28 silly cloneCurrentTree Finishing
29 silly loadShrinkwrap Starting
30 silly install loadShrinkwrap
31 silly loadShrinkwrap Finishing
32 silly loadAllDepsIntoIdealTree Starting
33 silly install loadAllDepsIntoIdealTree
34 silly resolveWithNewModule hashtable@2.0.1 checking installable status
35 silly cache add args [ 'hashtable', null ]
36 verbose cache add spec hashtable
37 silly cache add parsed spec Result {
37 silly cache add   raw: 'hashtable',
37 silly cache add   scope: null,
37 silly cache add   name: 'hashtable',
37 silly cache add   rawSpec: '',
37 silly cache add   spec: '*',
37 silly cache add   type: 'range' }
38 silly addNamed hashtable@*
39 verbose addNamed "*" is a valid semver range for hashtable
40 silly addNameRange { name: 'hashtable', range: '*', hasData: false }
41 silly mapToRegistry name hashtable
42 silly mapToRegistry using default registry
43 silly mapToRegistry registry https://registry.npmjs.org/
44 silly mapToRegistry uri https://registry.npmjs.org/hashtable
45 verbose addNameRange registry:https://registry.npmjs.org/hashtable not in flight; fetching
46 verbose get https://registry.npmjs.org/hashtable not expired, no request
47 silly addNameRange number 2 { name: 'hashtable', range: '*', hasData: true }
48 silly addNameRange versions [ 'hashtable',
48 silly addNameRange   [ '0.1.0',
48 silly addNameRange     '0.1.1',
48 silly addNameRange     '0.1.2',
48 silly addNameRange     '0.1.3',
48 silly addNameRange     '0.1.4',
48 silly addNameRange     '0.1.5',
48 silly addNameRange     '0.2.1',
48 silly addNameRange     '0.3.0',
48 silly addNameRange     '0.3.1',
48 silly addNameRange     '0.4.0',
48 silly addNameRange     '0.4.1',
48 silly addNameRange     '0.4.2',
48 silly addNameRange     '0.4.3',
48 silly addNameRange     '0.5.0',
48 silly addNameRange     '0.5.1',
48 silly addNameRange     '0.5.2',
48 silly addNameRange     '0.5.3',
48 silly addNameRange     '1.0.0',
48 silly addNameRange     '1.0.1',
48 silly addNameRange     '1.0.3',
48 silly addNameRange     '2.0.1' ] ]
49 silly addNamed hashtable@2.0.1
50 verbose addNamed "2.0.1" is a plain semver version for hashtable
51 silly mapToRegistry name hashtable
52 silly mapToRegistry using default registry
53 silly mapToRegistry registry https://registry.npmjs.org/
54 silly mapToRegistry uri https://registry.npmjs.org/hashtable
55 verbose addRemoteTarball https://registry.npmjs.org/hashtable/-/hashtable-2.0.1.tgz not in flight; adding
56 verbose addRemoteTarball [ 'https://registry.npmjs.org/hashtable/-/hashtable-2.0.1.tgz',
56 verbose addRemoteTarball   'e4e489500bb5fb2a5028ab8d28e8d4b7f88cae35' ]
57 info retry fetch attempt 1 at 13:16:26
58 info attempt registry request try #1 at 13:16:26
59 http fetch GET https://registry.npmjs.org/hashtable/-/hashtable-2.0.1.tgz
60 http fetch 200 https://registry.npmjs.org/hashtable/-/hashtable-2.0.1.tgz
61 silly fetchAndShaCheck shasum e4e489500bb5fb2a5028ab8d28e8d4b7f88cae35
62 verbose addTmpTarball C:\Users\ies\AppData\Local\Temp\npm-200-e5624202\registry.npmjs.org\hashtable\-\hashtable-2.0.1.tgz not in flight; adding
63 verbose addTmpTarball already have metadata; skipping unpack for hashtable@2.0.1
64 silly cache afterAdd hashtable@2.0.1
65 verbose afterAdd C:\Users\ies\AppData\Roaming\npm-cache\hashtable\2.0.1\package\package.json not in flight; writing
66 verbose afterAdd C:\Users\ies\AppData\Roaming\npm-cache\hashtable\2.0.1\package\package.json written
67 silly fetchNamedPackageData nan
68 silly mapToRegistry name nan
69 silly mapToRegistry using default registry
70 silly mapToRegistry registry https://registry.npmjs.org/
71 silly mapToRegistry uri https://registry.npmjs.org/nan
72 verbose request uri https://registry.npmjs.org/nan
73 verbose request no auth needed
74 info attempt registry request try #1 at 13:16:27
75 http request GET https://registry.npmjs.org/nan
76 http 200 https://registry.npmjs.org/nan
77 verbose headers { server: 'CouchDB/1.5.0 (Erlang OTP/R16B03)',
77 verbose headers   etag: '"7CEDVJA24M9BXRU7SU6WRSW4M"',
77 verbose headers   'content-type': 'application/json',
77 verbose headers   'cache-control': 'max-age=60',
77 verbose headers   'content-length': '100080',
77 verbose headers   'accept-ranges': 'bytes',
77 verbose headers   date: 'Thu, 10 Dec 2015 05:16:25 GMT',
77 verbose headers   via: '1.1 varnish',
77 verbose headers   age: '0',
77 verbose headers   connection: 'keep-alive',
77 verbose headers   'x-served-by': 'cache-hkg6823-HKG',
77 verbose headers   'x-cache': 'HIT',
77 verbose headers   'x-cache-hits': '1',
77 verbose headers   'x-timer': 'S1449724585.528056,VS0,VE166',
77 verbose headers   vary: 'Accept' }
78 silly get cb [ 200,
78 silly get   { server: 'CouchDB/1.5.0 (Erlang OTP/R16B03)',
78 silly get     etag: '"7CEDVJA24M9BXRU7SU6WRSW4M"',
78 silly get     'content-type': 'application/json',
78 silly get     'cache-control': 'max-age=60',
78 silly get     'content-length': '100080',
78 silly get     'accept-ranges': 'bytes',
78 silly get     date: 'Thu, 10 Dec 2015 05:16:25 GMT',
78 silly get     via: '1.1 varnish',
78 silly get     age: '0',
78 silly get     connection: 'keep-alive',
78 silly get     'x-served-by': 'cache-hkg6823-HKG',
78 silly get     'x-cache': 'HIT',
78 silly get     'x-cache-hits': '1',
78 silly get     'x-timer': 'S1449724585.528056,VS0,VE166',
78 silly get     vary: 'Accept' } ]
79 verbose get saving nan to C:\Users\ies\AppData\Roaming\npm-cache\registry.npmjs.org\nan\.cache.json
80 silly resolveWithNewModule nan@2.1.0 checking installable status
81 silly cache add args [ 'nan@latest', null ]
82 verbose cache add spec nan@latest
83 silly cache add parsed spec Result {
83 silly cache add   raw: 'nan@latest',
83 silly cache add   scope: null,
83 silly cache add   name: 'nan',
83 silly cache add   rawSpec: 'latest',
83 silly cache add   spec: 'latest',
83 silly cache add   type: 'tag' }
84 silly addNamed nan@latest
85 verbose addNamed "latest" is being treated as a dist-tag for nan
86 info addNameTag [ 'nan', 'latest' ]
87 silly mapToRegistry name nan
88 silly mapToRegistry using default registry
89 silly mapToRegistry registry https://registry.npmjs.org/
90 silly mapToRegistry uri https://registry.npmjs.org/nan
91 verbose addNameTag registry:https://registry.npmjs.org/nan not in flight; fetching
92 verbose get https://registry.npmjs.org/nan not expired, no request
93 silly addNameTag next cb for nan with tag latest
94 silly addNamed nan@2.1.0
95 verbose addNamed "2.1.0" is a plain semver version for nan
96 silly cache afterAdd nan@2.1.0
97 verbose afterAdd C:\Users\ies\AppData\Roaming\npm-cache\nan\2.1.0\package\package.json not in flight; writing
98 verbose afterAdd C:\Users\ies\AppData\Roaming\npm-cache\nan\2.1.0\package\package.json written
99 silly loadAllDepsIntoIdealTree Finishing
100 silly idealTree:prePrune kcr
100 silly idealTree:prePrune ├── hashtable@2.0.1
100 silly idealTree:prePrune └── nan@2.1.0
101 silly loadIdealTree Finishing
102 silly currentTree kcr
103 silly idealTree kcr
103 silly idealTree ├── hashtable@2.0.1
103 silly idealTree └── nan@2.1.0
104 silly generateActionsToTake Starting
105 silly install generateActionsToTake
106 silly generateActionsToTake Finishing
107 silly diffTrees action count 2
108 silly diffTrees add nan@2.1.0
109 silly diffTrees add hashtable@2.0.1
110 silly decomposeActions action count 16
111 silly decomposeActions fetch nan@2.1.0
112 silly decomposeActions extract nan@2.1.0
113 silly decomposeActions preinstall nan@2.1.0
114 silly decomposeActions build nan@2.1.0
115 silly decomposeActions install nan@2.1.0
116 silly decomposeActions postinstall nan@2.1.0
117 silly decomposeActions test nan@2.1.0
118 silly decomposeActions finalize nan@2.1.0
119 silly decomposeActions fetch hashtable@2.0.1
120 silly decomposeActions extract hashtable@2.0.1
121 silly decomposeActions preinstall hashtable@2.0.1
122 silly decomposeActions build hashtable@2.0.1
123 silly decomposeActions install hashtable@2.0.1
124 silly decomposeActions postinstall hashtable@2.0.1
125 silly decomposeActions test hashtable@2.0.1
126 silly decomposeActions finalize hashtable@2.0.1
127 silly executeActions Starting
128 silly install executeActions
129 silly doSerial global-install 0
130 silly doParallel fetch 2
131 verbose lock using C:\Users\ies\AppData\Roaming\npm-cache\_locks\staging-db311bd4009751ca.lock for C:\Users\ies\Desktop\kcr_iesystem\kcr\node_modules\.staging
132 silly doParallel extract 2
133 silly extract nan@2.1.0
134 silly extract hashtable@2.0.1
135 verbose unbuild node_modules\.staging\nan-4befd7f2ba46ebf6e4fa397f78cbc7aa
136 verbose unbuild node_modules\.staging\hashtable-8def9880b07e1b95fe667e0f4fd9b4e9
137 silly gentlyRm C:\Users\ies\Desktop\kcr_iesystem\kcr\node_modules\.staging\nan-4befd7f2ba46ebf6e4fa397f78cbc7aa is being purged from base C:\Users\ies\Desktop\kcr_iesystem\kcr
138 silly gentlyRm C:\Users\ies\Desktop\kcr_iesystem\kcr\node_modules\.staging\hashtable-8def9880b07e1b95fe667e0f4fd9b4e9 is being purged from base C:\Users\ies\Desktop\kcr_iesystem\kcr
139 verbose gentlyRm don't care about contents; nuking C:\Users\ies\Desktop\kcr_iesystem\kcr\node_modules\.staging\nan-4befd7f2ba46ebf6e4fa397f78cbc7aa
140 verbose gentlyRm don't care about contents; nuking C:\Users\ies\Desktop\kcr_iesystem\kcr\node_modules\.staging\hashtable-8def9880b07e1b95fe667e0f4fd9b4e9
141 verbose tar unpack C:\Users\ies\AppData\Roaming\npm-cache\nan\2.1.0\package.tgz
142 verbose tar unpacking to C:\Users\ies\Desktop\kcr_iesystem\kcr\node_modules\.staging\nan-4befd7f2ba46ebf6e4fa397f78cbc7aa
143 silly gentlyRm C:\Users\ies\Desktop\kcr_iesystem\kcr\node_modules\.staging\nan-4befd7f2ba46ebf6e4fa397f78cbc7aa is being purged
144 verbose tar unpack C:\Users\ies\AppData\Roaming\npm-cache\hashtable\2.0.1\package.tgz
145 verbose tar unpacking to C:\Users\ies\Desktop\kcr_iesystem\kcr\node_modules\.staging\hashtable-8def9880b07e1b95fe667e0f4fd9b4e9
146 silly gentlyRm C:\Users\ies\Desktop\kcr_iesystem\kcr\node_modules\.staging\hashtable-8def9880b07e1b95fe667e0f4fd9b4e9 is being purged
147 verbose gentlyRm don't care about contents; nuking C:\Users\ies\Desktop\kcr_iesystem\kcr\node_modules\.staging\nan-4befd7f2ba46ebf6e4fa397f78cbc7aa
148 verbose gentlyRm don't care about contents; nuking C:\Users\ies\Desktop\kcr_iesystem\kcr\node_modules\.staging\hashtable-8def9880b07e1b95fe667e0f4fd9b4e9
149 silly gunzTarPerm modes [ '777', '666' ]
150 silly gunzTarPerm modes [ '777', '666' ]
151 silly gunzTarPerm extractEntry package.json
152 silly gunzTarPerm modified mode [ 'package.json', 436, 438 ]
153 silly gunzTarPerm extractEntry package.json
154 silly gunzTarPerm modified mode [ 'package.json', 420, 438 ]
155 silly gunzTarPerm extractEntry README.md
156 silly gunzTarPerm modified mode [ 'README.md', 436, 438 ]
157 silly gunzTarPerm extractEntry include_dirs.js
158 silly gunzTarPerm modified mode [ 'include_dirs.js', 436, 438 ]
159 silly gunzTarPerm extractEntry .npmignore
160 silly gunzTarPerm modified mode [ '.npmignore', 420, 438 ]
161 silly gunzTarPerm extractEntry README.md
162 silly gunzTarPerm modified mode [ 'README.md', 420, 438 ]
163 silly gunzTarPerm extractEntry nan_converters.h
164 silly gunzTarPerm modified mode [ 'nan_converters.h', 436, 438 ]
165 silly gunzTarPerm extractEntry LICENSE.md
166 silly gunzTarPerm modified mode [ 'LICENSE.md', 436, 438 ]
167 silly gunzTarPerm extractEntry .dntrc
168 silly gunzTarPerm modified mode [ '.dntrc', 436, 438 ]
169 silly gunzTarPerm extractEntry LICENSE
170 silly gunzTarPerm modified mode [ 'LICENSE', 420, 438 ]
171 silly gunzTarPerm extractEntry index.js
172 silly gunzTarPerm modified mode [ 'index.js', 420, 438 ]
173 silly gunzTarPerm extractEntry appveyor.yml
174 silly gunzTarPerm modified mode [ 'appveyor.yml', 436, 438 ]
175 silly gunzTarPerm extractEntry map_memory_test.js
176 silly gunzTarPerm modified mode [ 'map_memory_test.js', 420, 438 ]
177 silly gunzTarPerm extractEntry .travis.yml
178 silly gunzTarPerm modified mode [ '.travis.yml', 420, 438 ]
179 silly gunzTarPerm extractEntry doc/new.md
180 silly gunzTarPerm modified mode [ 'doc/new.md', 436, 438 ]
181 silly gunzTarPerm extractEntry doc/.build.sh
182 silly gunzTarPerm modified mode [ 'doc/.build.sh', 509, 511 ]
183 silly gunzTarPerm extractEntry binding.gyp
184 silly gunzTarPerm modified mode [ 'binding.gyp', 420, 438 ]
185 silly gunzTarPerm extractEntry src/hashtable.cpp
186 silly gunzTarPerm modified mode [ 'src/hashtable.cpp', 420, 438 ]
187 silly gunzTarPerm extractEntry src/hashtable.h
188 silly gunzTarPerm modified mode [ 'src/hashtable.h', 420, 438 ]
189 silly gunzTarPerm extractEntry src/map.cpp
190 silly gunzTarPerm modified mode [ 'src/map.cpp', 420, 438 ]
191 silly gunzTarPerm extractEntry src/v8_value_hasher.h
192 silly gunzTarPerm modified mode [ 'src/v8_value_hasher.h', 420, 438 ]
193 silly gunzTarPerm extractEntry test/comparison.js
194 silly gunzTarPerm modified mode [ 'test/comparison.js', 420, 438 ]
195 silly gunzTarPerm extractEntry test/hashtable.js
196 silly gunzTarPerm modified mode [ 'test/hashtable.js', 420, 438 ]
197 silly gunzTarPerm extractEntry test/keys.js
198 silly gunzTarPerm modified mode [ 'test/keys.js', 420, 438 ]
199 silly gunzTarPerm extractEntry doc/buffers.md
200 silly gunzTarPerm modified mode [ 'doc/buffers.md', 436, 438 ]
201 silly gunzTarPerm extractEntry doc/callback.md
202 silly gunzTarPerm modified mode [ 'doc/callback.md', 436, 438 ]
203 silly gunzTarPerm extractEntry doc/converters.md
204 silly gunzTarPerm modified mode [ 'doc/converters.md', 436, 438 ]
205 silly gunzTarPerm extractEntry doc/errors.md
206 silly gunzTarPerm modified mode [ 'doc/errors.md', 436, 438 ]
207 silly gunzTarPerm extractEntry doc/maybe_types.md
208 silly gunzTarPerm modified mode [ 'doc/maybe_types.md', 436, 438 ]
209 silly gunzTarPerm extractEntry doc/methods.md
210 silly gunzTarPerm modified mode [ 'doc/methods.md', 436, 438 ]
211 silly gunzTarPerm extractEntry doc/asyncworker.md
212 silly gunzTarPerm modified mode [ 'doc/asyncworker.md', 436, 438 ]
213 silly gunzTarPerm extractEntry doc/node_misc.md
214 silly gunzTarPerm modified mode [ 'doc/node_misc.md', 436, 438 ]
215 silly gunzTarPerm extractEntry doc/persistent.md
216 silly gunzTarPerm modified mode [ 'doc/persistent.md', 436, 438 ]
217 silly gunzTarPerm extractEntry doc/scopes.md
218 silly gunzTarPerm modified mode [ 'doc/scopes.md', 436, 438 ]
219 silly gunzTarPerm extractEntry doc/script.md
220 silly gunzTarPerm modified mode [ 'doc/script.md', 436, 438 ]
221 silly gunzTarPerm extractEntry doc/string_bytes.md
222 silly gunzTarPerm modified mode [ 'doc/string_bytes.md', 436, 438 ]
223 silly gunzTarPerm extractEntry doc/v8_internals.md
224 silly gunzTarPerm modified mode [ 'doc/v8_internals.md', 436, 438 ]
225 silly gunzTarPerm extractEntry doc/v8_misc.md
226 silly gunzTarPerm modified mode [ 'doc/v8_misc.md', 436, 438 ]
227 silly gunzTarPerm extractEntry nan.h
228 silly gunzTarPerm modified mode [ 'nan.h', 436, 438 ]
229 silly gunzTarPerm extractEntry nan_callbacks.h
230 silly gunzTarPerm modified mode [ 'nan_callbacks.h', 436, 438 ]
231 silly gunzTarPerm extractEntry nan_callbacks_12_inl.h
232 silly gunzTarPerm modified mode [ 'nan_callbacks_12_inl.h', 436, 438 ]
233 silly gunzTarPerm extractEntry nan_callbacks_pre_12_inl.h
234 silly gunzTarPerm modified mode [ 'nan_callbacks_pre_12_inl.h', 436, 438 ]
235 silly gunzTarPerm extractEntry nan_converters_43_inl.h
236 silly gunzTarPerm modified mode [ 'nan_converters_43_inl.h', 436, 438 ]
237 silly gunzTarPerm extractEntry nan_converters_pre_43_inl.h
238 silly gunzTarPerm modified mode [ 'nan_converters_pre_43_inl.h', 436, 438 ]
239 silly gunzTarPerm extractEntry nan_implementation_12_inl.h
240 silly gunzTarPerm modified mode [ 'nan_implementation_12_inl.h', 436, 438 ]
241 silly gunzTarPerm extractEntry nan_implementation_pre_12_inl.h
242 silly gunzTarPerm modified mode [ 'nan_implementation_pre_12_inl.h', 436, 438 ]
243 silly gunzTarPerm extractEntry nan_maybe_43_inl.h
244 silly gunzTarPerm modified mode [ 'nan_maybe_43_inl.h', 436, 438 ]
245 silly gunzTarPerm extractEntry nan_maybe_pre_43_inl.h
246 silly gunzTarPerm modified mode [ 'nan_maybe_pre_43_inl.h', 436, 438 ]
247 silly gunzTarPerm extractEntry nan_new.h
248 silly gunzTarPerm modified mode [ 'nan_new.h', 436, 438 ]
249 silly gunzTarPerm extractEntry nan_object_wrap.h
250 silly gunzTarPerm modified mode [ 'nan_object_wrap.h', 436, 438 ]
251 silly gunzTarPerm extractEntry nan_persistent_12_inl.h
252 silly gunzTarPerm modified mode [ 'nan_persistent_12_inl.h', 436, 438 ]
253 silly gunzTarPerm extractEntry nan_persistent_pre_12_inl.h
254 silly gunzTarPerm modified mode [ 'nan_persistent_pre_12_inl.h', 436, 438 ]
255 silly gunzTarPerm extractEntry nan_string_bytes.h
256 silly gunzTarPerm modified mode [ 'nan_string_bytes.h', 436, 438 ]
257 silly gunzTarPerm extractEntry nan_typedarray_contents.h
258 silly gunzTarPerm modified mode [ 'nan_typedarray_contents.h', 436, 438 ]
259 silly gunzTarPerm extractEntry nan_weak.h
260 silly gunzTarPerm modified mode [ 'nan_weak.h', 436, 438 ]
261 silly gunzTarPerm extractEntry CHANGELOG.md
262 silly gunzTarPerm modified mode [ 'CHANGELOG.md', 436, 438 ]
263 silly gunzTarPerm extractEntry tools/package.json
264 silly gunzTarPerm modified mode [ 'tools/package.json', 436, 438 ]
265 silly gunzTarPerm extractEntry tools/README.md
266 silly gunzTarPerm modified mode [ 'tools/README.md', 436, 438 ]
267 silly gunzTarPerm extractEntry tools/1to2.js
268 silly gunzTarPerm modified mode [ 'tools/1to2.js', 509, 511 ]
269 silly doParallel preinstall 2
270 silly preinstall nan@2.1.0 C:\Users\ies\Desktop\kcr_iesystem\kcr\node_modules\.staging\nan-4befd7f2ba46ebf6e4fa397f78cbc7aa
271 info lifecycle nan@2.1.0~preinstall: nan@2.1.0
272 silly preinstall hashtable@2.0.1 C:\Users\ies\Desktop\kcr_iesystem\kcr\node_modules\.staging\hashtable-8def9880b07e1b95fe667e0f4fd9b4e9
273 info lifecycle hashtable@2.0.1~preinstall: hashtable@2.0.1
274 silly lifecycle nan@2.1.0~preinstall: no script for preinstall, continuing
275 silly lifecycle hashtable@2.0.1~preinstall: no script for preinstall, continuing
276 silly doReverseSerial remove 0
277 silly doSerial move 0
278 silly doSerial finalize 2
279 silly finalize C:\Users\ies\Desktop\kcr_iesystem\kcr\node_modules\nan
280 silly finalize C:\Users\ies\Desktop\kcr_iesystem\kcr\node_modules\hashtable
281 silly doSerial build 2
282 silly build nan@2.1.0
283 info linkStuff nan@2.1.0
284 silly linkStuff nan@2.1.0 has C:\Users\ies\Desktop\kcr_iesystem\kcr\node_modules as its parent node_modules
285 verbose linkBins nan@2.1.0
286 verbose linkMans nan@2.1.0
287 silly build hashtable@2.0.1
288 info linkStuff hashtable@2.0.1
289 silly linkStuff hashtable@2.0.1 has C:\Users\ies\Desktop\kcr_iesystem\kcr\node_modules as its parent node_modules
290 verbose linkBins hashtable@2.0.1
291 verbose linkMans hashtable@2.0.1
292 silly doSerial global-link 0
293 silly doParallel update-linked 0
294 silly doSerial install 2
295 silly install nan@2.1.0 C:\Users\ies\Desktop\kcr_iesystem\kcr\node_modules\.staging\nan-4befd7f2ba46ebf6e4fa397f78cbc7aa
296 info lifecycle nan@2.1.0~install: nan@2.1.0
297 silly lifecycle nan@2.1.0~install: no script for install, continuing
298 silly install hashtable@2.0.1 C:\Users\ies\Desktop\kcr_iesystem\kcr\node_modules\.staging\hashtable-8def9880b07e1b95fe667e0f4fd9b4e9
299 info lifecycle hashtable@2.0.1~install: hashtable@2.0.1
300 verbose lifecycle hashtable@2.0.1~install: unsafe-perm in lifecycle true
301 verbose lifecycle hashtable@2.0.1~install: PATH: C:\Program Files\node\node_modules\npm\bin\node-gyp-bin;C:\Users\ies\Desktop\kcr_iesystem\kcr\node_modules\hashtable\node_modules\.bin;C:\Users\ies\Desktop\kcr_iesystem\kcr\node_modules\.bin;C:\ProgramData\Oracle\Java\javapath;C:\Program Files (x86)\Rockwell Software\RSCommon;C:\Program Files (x86)\NVIDIA Corporation\PhysX\Common;C:\Program Files (x86)\Intel\iCLS Client\;C:\Program Files\Intel\iCLS Client\;C:\windows\system32;C:\windows;C:\windows\System32\Wbem;C:\windows\System32\WindowsPowerShell\v1.0\;C:\Program Files\Intel\Intel(R) Management Engine Components\DAL;C:\Program Files (x86)\Intel\Intel(R) Management Engine Components\DAL;C:\Program Files\Intel\Intel(R) Management Engine Components\IPT;C:\Program Files (x86)\Intel\Intel(R) Management Engine Components\IPT;C:\Program Files (x86)\Common Files\lenovo\easyplussdk\bin;C:\Program Files\node\;C:\Users\ies\AppData\Roaming\npm;C:\Users\ies\AppData\Local\.meteor\;C:\Users\ies\AppData\Local\Programs\Git\cmd
302 verbose lifecycle hashtable@2.0.1~install: CWD: C:\Users\ies\Desktop\kcr_iesystem\kcr\node_modules\hashtable
303 silly lifecycle hashtable@2.0.1~install: Args: [ '/d /s /c', 'node-gyp configure build' ]
304 silly lifecycle hashtable@2.0.1~install: Returned: code: 1  signal: null
305 info lifecycle hashtable@2.0.1~install: Failed to exec install script
306 verbose unlock done using C:\Users\ies\AppData\Roaming\npm-cache\_locks\staging-db311bd4009751ca.lock for C:\Users\ies\Desktop\kcr_iesystem\kcr\node_modules\.staging
307 silly rollbackFailedOptional Starting
308 silly rollbackFailedOptional Finishing
309 silly runTopLevelLifecycles Starting
310 silly runTopLevelLifecycles Finishing
311 silly install printInstalled
312 warn ENOENT ENOENT: no such file or directory, open 'C:\Users\ies\Desktop\kcr_iesystem\kcr\package.json'
313 warn EPACKAGEJSON kcr No description
314 warn EPACKAGEJSON kcr No repository field.
315 warn EPACKAGEJSON kcr No README data
316 warn EPACKAGEJSON kcr No license field.
317 verbose stack Error: hashtable@2.0.1 install: `node-gyp configure build`
317 verbose stack Exit status 1
317 verbose stack     at EventEmitter.<anonymous> (C:\Program Files\node\node_modules\npm\lib\utils\lifecycle.js:232:16)
317 verbose stack     at emitTwo (events.js:87:13)
317 verbose stack     at EventEmitter.emit (events.js:172:7)
317 verbose stack     at ChildProcess.<anonymous> (C:\Program Files\node\node_modules\npm\lib\utils\spawn.js:24:14)
317 verbose stack     at emitTwo (events.js:87:13)
317 verbose stack     at ChildProcess.emit (events.js:172:7)
317 verbose stack     at maybeClose (internal/child_process.js:818:16)
317 verbose stack     at Process.ChildProcess._handle.onexit (internal/child_process.js:211:5)
318 verbose pkgid hashtable@2.0.1
319 verbose cwd C:\Users\ies\Desktop\kcr_iesystem\kcr
320 error Windows_NT 6.3.9600
321 error argv "C:\\Program Files\\node\\node.exe" "C:\\Program Files\\node\\node_modules\\npm\\bin\\npm-cli.js" "install" "hashtable" "--save"
322 error node v5.1.0
323 error npm  v3.3.12
324 error code ELIFECYCLE
325 error hashtable@2.0.1 install: `node-gyp configure build`
325 error Exit status 1
326 error Failed at the hashtable@2.0.1 install script 'node-gyp configure build'.
326 error Make sure you have the latest version of node.js and npm installed.
326 error If you do, this is most likely a problem with the hashtable package,
326 error not with npm itself.
326 error Tell the author that this fails on your system:
326 error     node-gyp configure build
326 error You can get their info via:
326 error     npm owner ls hashtable
326 error There is likely additional logging output above.
327 verbose exit [ 1, true ]
